Analysis & Synthesis report for top
Thu Feb 25 15:18:40 2016
Quartus Prime Version 15.1.0 Build 185 10/21/2015 SJ Lite Edition


---------------------
; Table of Contents ;
---------------------
  1. Legal Notice
  2. Analysis & Synthesis Summary
  3. Analysis & Synthesis Settings
  4. Parallel Compilation
  5. Analysis & Synthesis Source Files Read
  6. Analysis & Synthesis Resource Usage Summary
  7. Analysis & Synthesis Resource Utilization by Entity
  8. General Register Statistics
  9. Port Connectivity Checks: "dflipflop:dff13"
 10. Port Connectivity Checks: "dflipflop:dff12"
 11. Port Connectivity Checks: "dflipflop:dff11"
 12. Port Connectivity Checks: "dflipflop:dff10"
 13. Port Connectivity Checks: "dflipflop:dff9"
 14. Port Connectivity Checks: "dflipflop:dff8"
 15. Port Connectivity Checks: "dflipflop:dff7"
 16. Port Connectivity Checks: "dflipflop:dff6"
 17. Port Connectivity Checks: "dflipflop:dff5"
 18. Port Connectivity Checks: "dflipflop:dff4"
 19. Port Connectivity Checks: "dflipflop:dff3"
 20. Port Connectivity Checks: "dflipflop:dff2"
 21. Port Connectivity Checks: "dflipflop:dff1"
 22. Port Connectivity Checks: "dflipflop:dff0"
 23. Post-Synthesis Netlist Statistics for Top Partition
 24. Elapsed Time Per Partition
 25. Analysis & Synthesis Messages



----------------
; Legal Notice ;
----------------
Copyright (C) 1991-2015 Altera Corporation. All rights reserved.
Your use of Altera Corporation's design tools, logic functions 
and other software and tools, and its AMPP partner logic 
functions, and any output files from any of the foregoing 
(including device programming or simulation files), and any 
associated documentation or information are expressly subject 
to the terms and conditions of the Altera Program License 
Subscription Agreement, the Altera Quartus Prime License Agreement,
the Altera MegaCore Function License Agreement, or other 
applicable license agreement, including, without limitation, 
that your use is for the sole purpose of programming logic 
devices manufactured by Altera and sold by Altera or its 
authorized distributors.  Please refer to the applicable 
agreement for further details.



+-------------------------------------------------------------------------------+
; Analysis & Synthesis Summary                                                  ;
+---------------------------------+---------------------------------------------+
; Analysis & Synthesis Status     ; Successful - Thu Feb 25 15:18:40 2016       ;
; Quartus Prime Version           ; 15.1.0 Build 185 10/21/2015 SJ Lite Edition ;
; Revision Name                   ; top                                         ;
; Top-level Entity Name           ; top                                         ;
; Family                          ; Cyclone V                                   ;
; Logic utilization (in ALMs)     ; N/A                                         ;
; Total registers                 ; 62                                          ;
; Total pins                      ; 58                                          ;
; Total virtual pins              ; 0                                           ;
; Total block memory bits         ; 0                                           ;
; Total DSP Blocks                ; 0                                           ;
; Total HSSI RX PCSs              ; 0                                           ;
; Total HSSI PMA RX Deserializers ; 0                                           ;
; Total HSSI TX PCSs              ; 0                                           ;
; Total HSSI PMA TX Serializers   ; 0                                           ;
; Total PLLs                      ; 0                                           ;
; Total DLLs                      ; 0                                           ;
+---------------------------------+---------------------------------------------+


+---------------------------------------------------------------------------------------------------------------------------+
; Analysis & Synthesis Settings                                                                                             ;
+---------------------------------------------------------------------------------+--------------------+--------------------+
; Option                                                                          ; Setting            ; Default Value      ;
+---------------------------------------------------------------------------------+--------------------+--------------------+
; Device                                                                          ; 5CEBA4F23C7        ;                    ;
; Top-level entity name                                                           ; top                ; top                ;
; Family name                                                                     ; Cyclone V          ; Cyclone V          ;
; Use smart compilation                                                           ; Off                ; Off                ;
; Enable parallel Assembler and TimeQuest Timing Analyzer during compilation      ; On                 ; On                 ;
; Enable compact report table                                                     ; Off                ; Off                ;
; Restructure Multiplexers                                                        ; Auto               ; Auto               ;
; MLAB Add Timing Constraints For Mixed-Port Feed-Through Mode Setting Don't Care ; Off                ; Off                ;
; Create Debugging Nodes for IP Cores                                             ; Off                ; Off                ;
; Preserve fewer node names                                                       ; On                 ; On                 ;
; Disable OpenCore Plus hardware evaluation                                       ; Off                ; Off                ;
; Verilog Version                                                                 ; Verilog_2001       ; Verilog_2001       ;
; VHDL Version                                                                    ; VHDL_1993          ; VHDL_1993          ;
; State Machine Processing                                                        ; Auto               ; Auto               ;
; Safe State Machine                                                              ; Off                ; Off                ;
; Extract Verilog State Machines                                                  ; On                 ; On                 ;
; Extract VHDL State Machines                                                     ; On                 ; On                 ;
; Ignore Verilog initial constructs                                               ; Off                ; Off                ;
; Iteration limit for constant Verilog loops                                      ; 5000               ; 5000               ;
; Iteration limit for non-constant Verilog loops                                  ; 250                ; 250                ;
; Add Pass-Through Logic to Inferred RAMs                                         ; On                 ; On                 ;
; Infer RAMs from Raw Logic                                                       ; On                 ; On                 ;
; Parallel Synthesis                                                              ; On                 ; On                 ;
; DSP Block Balancing                                                             ; Auto               ; Auto               ;
; NOT Gate Push-Back                                                              ; On                 ; On                 ;
; Power-Up Don't Care                                                             ; On                 ; On                 ;
; Remove Redundant Logic Cells                                                    ; Off                ; Off                ;
; Remove Duplicate Registers                                                      ; On                 ; On                 ;
; Ignore CARRY Buffers                                                            ; Off                ; Off                ;
; Ignore CASCADE Buffers                                                          ; Off                ; Off                ;
; Ignore GLOBAL Buffers                                                           ; Off                ; Off                ;
; Ignore ROW GLOBAL Buffers                                                       ; Off                ; Off                ;
; Ignore LCELL Buffers                                                            ; Off                ; Off                ;
; Ignore SOFT Buffers                                                             ; On                 ; On                 ;
; Limit AHDL Integers to 32 Bits                                                  ; Off                ; Off                ;
; Optimization Technique                                                          ; Balanced           ; Balanced           ;
; Carry Chain Length                                                              ; 70                 ; 70                 ;
; Auto Carry Chains                                                               ; On                 ; On                 ;
; Auto Open-Drain Pins                                                            ; On                 ; On                 ;
; Perform WYSIWYG Primitive Resynthesis                                           ; Off                ; Off                ;
; Auto ROM Replacement                                                            ; On                 ; On                 ;
; Auto RAM Replacement                                                            ; On                 ; On                 ;
; Auto DSP Block Replacement                                                      ; On                 ; On                 ;
; Auto Shift Register Replacement                                                 ; Auto               ; Auto               ;
; Allow Shift Register Merging across Hierarchies                                 ; Auto               ; Auto               ;
; Auto Clock Enable Replacement                                                   ; On                 ; On                 ;
; Strict RAM Replacement                                                          ; Off                ; Off                ;
; Allow Synchronous Control Signals                                               ; On                 ; On                 ;
; Force Use of Synchronous Clear Signals                                          ; Off                ; Off                ;
; Auto Resource Sharing                                                           ; Off                ; Off                ;
; Allow Any RAM Size For Recognition                                              ; Off                ; Off                ;
; Allow Any ROM Size For Recognition                                              ; Off                ; Off                ;
; Allow Any Shift Register Size For Recognition                                   ; Off                ; Off                ;
; Use LogicLock Constraints during Resource Balancing                             ; On                 ; On                 ;
; Ignore translate_off and synthesis_off directives                               ; Off                ; Off                ;
; Timing-Driven Synthesis                                                         ; On                 ; On                 ;
; Report Parameter Settings                                                       ; On                 ; On                 ;
; Report Source Assignments                                                       ; On                 ; On                 ;
; Report Connectivity Checks                                                      ; On                 ; On                 ;
; Ignore Maximum Fan-Out Assignments                                              ; Off                ; Off                ;
; Synchronization Register Chain Length                                           ; 3                  ; 3                  ;
; PowerPlay Power Optimization During Synthesis                                   ; Normal compilation ; Normal compilation ;
; HDL message level                                                               ; Level2             ; Level2             ;
; Suppress Register Optimization Related Messages                                 ; Off                ; Off                ;
; Number of Removed Registers Reported in Synthesis Report                        ; 5000               ; 5000               ;
; Number of Swept Nodes Reported in Synthesis Report                              ; 5000               ; 5000               ;
; Number of Inverted Registers Reported in Synthesis Report                       ; 100                ; 100                ;
; Clock MUX Protection                                                            ; On                 ; On                 ;
; Auto Gated Clock Conversion                                                     ; Off                ; Off                ;
; Block Design Naming                                                             ; Auto               ; Auto               ;
; SDC constraint protection                                                       ; Off                ; Off                ;
; Synthesis Effort                                                                ; Auto               ; Auto               ;
; Shift Register Replacement - Allow Asynchronous Clear Signal                    ; On                 ; On                 ;
; Pre-Mapping Resynthesis Optimization                                            ; Off                ; Off                ;
; Analysis & Synthesis Message Level                                              ; Medium             ; Medium             ;
; Disable Register Merging Across Hierarchies                                     ; Auto               ; Auto               ;
; Resource Aware Inference For Block RAM                                          ; On                 ; On                 ;
; Synthesis Seed                                                                  ; 1                  ; 1                  ;
; Automatic Parallel Synthesis                                                    ; On                 ; On                 ;
; Partial Reconfiguration Bitstream ID                                            ; Off                ; Off                ;
+---------------------------------------------------------------------------------+--------------------+--------------------+


+------------------------------------------+
; Parallel Compilation                     ;
+----------------------------+-------------+
; Processors                 ; Number      ;
+----------------------------+-------------+
; Number detected on machine ; 4           ;
; Maximum allowed            ; 2           ;
;                            ;             ;
; Average used               ; 1.00        ;
; Maximum used               ; 2           ;
;                            ;             ;
; Usage by Processor         ; % Time Used ;
;     Processor 1            ; 100.0%      ;
;     Processor 2            ; < 0.1%      ;
+----------------------------+-------------+


+-------------------------------------------------------------------------------------------------------------------------------------------------------------------------------------------------------------------+
; Analysis & Synthesis Source Files Read                                                                                                                                                                            ;
+----------------------------------+-----------------+-----------------+----------------------------------------------------------------------------------------------------------------------------------+---------+
; File Name with User-Entered Path ; Used in Netlist ; File Type       ; File Name with Absolute Path                                                                                                     ; Library ;
+----------------------------------+-----------------+-----------------+----------------------------------------------------------------------------------------------------------------------------------+---------+
; top.vhd                          ; yes             ; User VHDL File  ; C:/Users/Garrett/Google Drive/School/EELE/EELE367/LABS/Lab9a_Ripple_Counter_and_Character_Displays/top.vhd                       ;         ;
; output_files/char_decoder.vhd    ; yes             ; User VHDL File  ; C:/Users/Garrett/Google Drive/School/EELE/EELE367/LABS/Lab9a_Ripple_Counter_and_Character_Displays/output_files/char_decoder.vhd ;         ;
; output_files/dflipflop.vhd       ; yes             ; User VHDL File  ; C:/Users/Garrett/Google Drive/School/EELE/EELE367/LABS/Lab9a_Ripple_Counter_and_Character_Displays/output_files/dflipflop.vhd    ;         ;
+----------------------------------+-----------------+-----------------+----------------------------------------------------------------------------------------------------------------------------------+---------+


+-----------------------------------------------------------+
; Analysis & Synthesis Resource Usage Summary               ;
+---------------------------------------------+-------------+
; Resource                                    ; Usage       ;
+---------------------------------------------+-------------+
; Estimate of Logic utilization (ALMs needed) ; 44          ;
;                                             ;             ;
; Combinational ALUT usage for logic          ; 80          ;
;     -- 7 input functions                    ; 0           ;
;     -- 6 input functions                    ; 0           ;
;     -- 5 input functions                    ; 0           ;
;     -- 4 input functions                    ; 42          ;
;     -- <=3 input functions                  ; 38          ;
;                                             ;             ;
; Dedicated logic registers                   ; 62          ;
;                                             ;             ;
; I/O pins                                    ; 58          ;
;                                             ;             ;
; Total DSP Blocks                            ; 0           ;
;                                             ;             ;
; Maximum fan-out node                        ; RESET~input ;
; Maximum fan-out                             ; 62          ;
; Total fan-out                               ; 502         ;
; Average fan-out                             ; 1.95        ;
+---------------------------------------------+-------------+


+------------------------------------------------------------------------------------------------------------------------------------------------------------+
; Analysis & Synthesis Resource Utilization by Entity                                                                                                        ;
+----------------------------+-------------------+--------------+-------------------+------------+------+--------------+----------------------+--------------+
; Compilation Hierarchy Node ; LC Combinationals ; LC Registers ; Block Memory Bits ; DSP Blocks ; Pins ; Virtual Pins ; Full Hierarchy Name  ; Library Name ;
+----------------------------+-------------------+--------------+-------------------+------------+------+--------------+----------------------+--------------+
; |top                       ; 80 (0)            ; 62 (0)       ; 0                 ; 0          ; 58   ; 0            ; |top                 ; work         ;
;    |char_decoder:c0|       ; 7 (7)             ; 0 (0)        ; 0                 ; 0          ; 0    ; 0            ; |top|char_decoder:c0 ; work         ;
;    |char_decoder:c1|       ; 7 (7)             ; 0 (0)        ; 0                 ; 0          ; 0    ; 0            ; |top|char_decoder:c1 ; work         ;
;    |char_decoder:c2|       ; 7 (7)             ; 0 (0)        ; 0                 ; 0          ; 0    ; 0            ; |top|char_decoder:c2 ; work         ;
;    |char_decoder:c3|       ; 7 (7)             ; 0 (0)        ; 0                 ; 0          ; 0    ; 0            ; |top|char_decoder:c3 ; work         ;
;    |char_decoder:c4|       ; 7 (7)             ; 0 (0)        ; 0                 ; 0          ; 0    ; 0            ; |top|char_decoder:c4 ; work         ;
;    |char_decoder:c5|       ; 7 (7)             ; 0 (0)        ; 0                 ; 0          ; 0    ; 0            ; |top|char_decoder:c5 ; work         ;
;    |dflipflop:dff0|        ; 1 (1)             ; 1 (1)        ; 0                 ; 0          ; 0    ; 0            ; |top|dflipflop:dff0  ; work         ;
;    |dflipflop:dff10|       ; 1 (1)             ; 1 (1)        ; 0                 ; 0          ; 0    ; 0            ; |top|dflipflop:dff10 ; work         ;
;    |dflipflop:dff11|       ; 1 (1)             ; 1 (1)        ; 0                 ; 0          ; 0    ; 0            ; |top|dflipflop:dff11 ; work         ;
;    |dflipflop:dff12|       ; 1 (1)             ; 1 (1)        ; 0                 ; 0          ; 0    ; 0            ; |top|dflipflop:dff12 ; work         ;
;    |dflipflop:dff13|       ; 1 (1)             ; 1 (1)        ; 0                 ; 0          ; 0    ; 0            ; |top|dflipflop:dff13 ; work         ;
;    |dflipflop:dff14|       ; 1 (1)             ; 2 (2)        ; 0                 ; 0          ; 0    ; 0            ; |top|dflipflop:dff14 ; work         ;
;    |dflipflop:dff15|       ; 1 (1)             ; 2 (2)        ; 0                 ; 0          ; 0    ; 0            ; |top|dflipflop:dff15 ; work         ;
;    |dflipflop:dff16|       ; 1 (1)             ; 2 (2)        ; 0                 ; 0          ; 0    ; 0            ; |top|dflipflop:dff16 ; work         ;
;    |dflipflop:dff17|       ; 1 (1)             ; 2 (2)        ; 0                 ; 0          ; 0    ; 0            ; |top|dflipflop:dff17 ; work         ;
;    |dflipflop:dff18|       ; 1 (1)             ; 2 (2)        ; 0                 ; 0          ; 0    ; 0            ; |top|dflipflop:dff18 ; work         ;
;    |dflipflop:dff19|       ; 1 (1)             ; 2 (2)        ; 0                 ; 0          ; 0    ; 0            ; |top|dflipflop:dff19 ; work         ;
;    |dflipflop:dff1|        ; 1 (1)             ; 1 (1)        ; 0                 ; 0          ; 0    ; 0            ; |top|dflipflop:dff1  ; work         ;
;    |dflipflop:dff20|       ; 1 (1)             ; 2 (2)        ; 0                 ; 0          ; 0    ; 0            ; |top|dflipflop:dff20 ; work         ;
;    |dflipflop:dff21|       ; 1 (1)             ; 2 (2)        ; 0                 ; 0          ; 0    ; 0            ; |top|dflipflop:dff21 ; work         ;
;    |dflipflop:dff22|       ; 1 (1)             ; 2 (2)        ; 0                 ; 0          ; 0    ; 0            ; |top|dflipflop:dff22 ; work         ;
;    |dflipflop:dff23|       ; 1 (1)             ; 2 (2)        ; 0                 ; 0          ; 0    ; 0            ; |top|dflipflop:dff23 ; work         ;
;    |dflipflop:dff24|       ; 1 (1)             ; 2 (2)        ; 0                 ; 0          ; 0    ; 0            ; |top|dflipflop:dff24 ; work         ;
;    |dflipflop:dff25|       ; 1 (1)             ; 2 (2)        ; 0                 ; 0          ; 0    ; 0            ; |top|dflipflop:dff25 ; work         ;
;    |dflipflop:dff26|       ; 1 (1)             ; 2 (2)        ; 0                 ; 0          ; 0    ; 0            ; |top|dflipflop:dff26 ; work         ;
;    |dflipflop:dff27|       ; 1 (1)             ; 2 (2)        ; 0                 ; 0          ; 0    ; 0            ; |top|dflipflop:dff27 ; work         ;
;    |dflipflop:dff28|       ; 1 (1)             ; 2 (2)        ; 0                 ; 0          ; 0    ; 0            ; |top|dflipflop:dff28 ; work         ;
;    |dflipflop:dff29|       ; 1 (1)             ; 2 (2)        ; 0                 ; 0          ; 0    ; 0            ; |top|dflipflop:dff29 ; work         ;
;    |dflipflop:dff2|        ; 1 (1)             ; 1 (1)        ; 0                 ; 0          ; 0    ; 0            ; |top|dflipflop:dff2  ; work         ;
;    |dflipflop:dff30|       ; 1 (1)             ; 2 (2)        ; 0                 ; 0          ; 0    ; 0            ; |top|dflipflop:dff30 ; work         ;
;    |dflipflop:dff31|       ; 1 (1)             ; 2 (2)        ; 0                 ; 0          ; 0    ; 0            ; |top|dflipflop:dff31 ; work         ;
;    |dflipflop:dff32|       ; 1 (1)             ; 2 (2)        ; 0                 ; 0          ; 0    ; 0            ; |top|dflipflop:dff32 ; work         ;
;    |dflipflop:dff33|       ; 1 (1)             ; 2 (2)        ; 0                 ; 0          ; 0    ; 0            ; |top|dflipflop:dff33 ; work         ;
;    |dflipflop:dff34|       ; 1 (1)             ; 2 (2)        ; 0                 ; 0          ; 0    ; 0            ; |top|dflipflop:dff34 ; work         ;
;    |dflipflop:dff35|       ; 1 (1)             ; 2 (2)        ; 0                 ; 0          ; 0    ; 0            ; |top|dflipflop:dff35 ; work         ;
;    |dflipflop:dff36|       ; 1 (1)             ; 2 (2)        ; 0                 ; 0          ; 0    ; 0            ; |top|dflipflop:dff36 ; work         ;
;    |dflipflop:dff37|       ; 1 (1)             ; 2 (2)        ; 0                 ; 0          ; 0    ; 0            ; |top|dflipflop:dff37 ; work         ;
;    |dflipflop:dff3|        ; 1 (1)             ; 1 (1)        ; 0                 ; 0          ; 0    ; 0            ; |top|dflipflop:dff3  ; work         ;
;    |dflipflop:dff4|        ; 1 (1)             ; 1 (1)        ; 0                 ; 0          ; 0    ; 0            ; |top|dflipflop:dff4  ; work         ;
;    |dflipflop:dff5|        ; 1 (1)             ; 1 (1)        ; 0                 ; 0          ; 0    ; 0            ; |top|dflipflop:dff5  ; work         ;
;    |dflipflop:dff6|        ; 1 (1)             ; 1 (1)        ; 0                 ; 0          ; 0    ; 0            ; |top|dflipflop:dff6  ; work         ;
;    |dflipflop:dff7|        ; 1 (1)             ; 1 (1)        ; 0                 ; 0          ; 0    ; 0            ; |top|dflipflop:dff7  ; work         ;
;    |dflipflop:dff8|        ; 1 (1)             ; 1 (1)        ; 0                 ; 0          ; 0    ; 0            ; |top|dflipflop:dff8  ; work         ;
;    |dflipflop:dff9|        ; 1 (1)             ; 1 (1)        ; 0                 ; 0          ; 0    ; 0            ; |top|dflipflop:dff9  ; work         ;
+----------------------------+-------------------+--------------+-------------------+------------+------+--------------+----------------------+--------------+
Note: For table entries with two numbers listed, the numbers in parentheses indicate the number of resources of the given type used by the specific entity alone. The numbers listed outside of parentheses indicate the total resources of the given type used by the specific entity and all of its sub-entities in the hierarchy.


+------------------------------------------------------+
; General Register Statistics                          ;
+----------------------------------------------+-------+
; Statistic                                    ; Value ;
+----------------------------------------------+-------+
; Total registers                              ; 62    ;
; Number of registers using Synchronous Clear  ; 0     ;
; Number of registers using Synchronous Load   ; 0     ;
; Number of registers using Asynchronous Clear ; 62    ;
; Number of registers using Asynchronous Load  ; 0     ;
; Number of registers using Clock Enable       ; 0     ;
; Number of registers using Preset             ; 0     ;
+----------------------------------------------+-------+


+----------------------------------------------------------------------------------------------------------------+
; Port Connectivity Checks: "dflipflop:dff13"                                                                    ;
+------+--------+----------+-------------------------------------------------------------------------------------+
; Port ; Type   ; Severity ; Details                                                                             ;
+------+--------+----------+-------------------------------------------------------------------------------------+
; q    ; Output ; Info     ; Connected to dangling logic. Logic that only feeds a dangling port will be removed. ;
+------+--------+----------+-------------------------------------------------------------------------------------+


+----------------------------------------------------------------------------------------------------------------+
; Port Connectivity Checks: "dflipflop:dff12"                                                                    ;
+------+--------+----------+-------------------------------------------------------------------------------------+
; Port ; Type   ; Severity ; Details                                                                             ;
+------+--------+----------+-------------------------------------------------------------------------------------+
; q    ; Output ; Info     ; Connected to dangling logic. Logic that only feeds a dangling port will be removed. ;
+------+--------+----------+-------------------------------------------------------------------------------------+


+----------------------------------------------------------------------------------------------------------------+
; Port Connectivity Checks: "dflipflop:dff11"                                                                    ;
+------+--------+----------+-------------------------------------------------------------------------------------+
; Port ; Type   ; Severity ; Details                                                                             ;
+------+--------+----------+-------------------------------------------------------------------------------------+
; q    ; Output ; Info     ; Connected to dangling logic. Logic that only feeds a dangling port will be removed. ;
+------+--------+----------+-------------------------------------------------------------------------------------+


+----------------------------------------------------------------------------------------------------------------+
; Port Connectivity Checks: "dflipflop:dff10"                                                                    ;
+------+--------+----------+-------------------------------------------------------------------------------------+
; Port ; Type   ; Severity ; Details                                                                             ;
+------+--------+----------+-------------------------------------------------------------------------------------+
; q    ; Output ; Info     ; Connected to dangling logic. Logic that only feeds a dangling port will be removed. ;
+------+--------+----------+-------------------------------------------------------------------------------------+


+----------------------------------------------------------------------------------------------------------------+
; Port Connectivity Checks: "dflipflop:dff9"                                                                     ;
+------+--------+----------+-------------------------------------------------------------------------------------+
; Port ; Type   ; Severity ; Details                                                                             ;
+------+--------+----------+-------------------------------------------------------------------------------------+
; q    ; Output ; Info     ; Connected to dangling logic. Logic that only feeds a dangling port will be removed. ;
+------+--------+----------+-------------------------------------------------------------------------------------+


+----------------------------------------------------------------------------------------------------------------+
; Port Connectivity Checks: "dflipflop:dff8"                                                                     ;
+------+--------+----------+-------------------------------------------------------------------------------------+
; Port ; Type   ; Severity ; Details                                                                             ;
+------+--------+----------+-------------------------------------------------------------------------------------+
; q    ; Output ; Info     ; Connected to dangling logic. Logic that only feeds a dangling port will be removed. ;
+------+--------+----------+-------------------------------------------------------------------------------------+


+----------------------------------------------------------------------------------------------------------------+
; Port Connectivity Checks: "dflipflop:dff7"                                                                     ;
+------+--------+----------+-------------------------------------------------------------------------------------+
; Port ; Type   ; Severity ; Details                                                                             ;
+------+--------+----------+-------------------------------------------------------------------------------------+
; q    ; Output ; Info     ; Connected to dangling logic. Logic that only feeds a dangling port will be removed. ;
+------+--------+----------+-------------------------------------------------------------------------------------+


+----------------------------------------------------------------------------------------------------------------+
; Port Connectivity Checks: "dflipflop:dff6"                                                                     ;
+------+--------+----------+-------------------------------------------------------------------------------------+
; Port ; Type   ; Severity ; Details                                                                             ;
+------+--------+----------+-------------------------------------------------------------------------------------+
; q    ; Output ; Info     ; Connected to dangling logic. Logic that only feeds a dangling port will be removed. ;
+------+--------+----------+-------------------------------------------------------------------------------------+


+----------------------------------------------------------------------------------------------------------------+
; Port Connectivity Checks: "dflipflop:dff5"                                                                     ;
+------+--------+----------+-------------------------------------------------------------------------------------+
; Port ; Type   ; Severity ; Details                                                                             ;
+------+--------+----------+-------------------------------------------------------------------------------------+
; q    ; Output ; Info     ; Connected to dangling logic. Logic that only feeds a dangling port will be removed. ;
+------+--------+----------+-------------------------------------------------------------------------------------+


+----------------------------------------------------------------------------------------------------------------+
; Port Connectivity Checks: "dflipflop:dff4"                                                                     ;
+------+--------+----------+-------------------------------------------------------------------------------------+
; Port ; Type   ; Severity ; Details                                                                             ;
+------+--------+----------+-------------------------------------------------------------------------------------+
; q    ; Output ; Info     ; Connected to dangling logic. Logic that only feeds a dangling port will be removed. ;
+------+--------+----------+-------------------------------------------------------------------------------------+


+----------------------------------------------------------------------------------------------------------------+
; Port Connectivity Checks: "dflipflop:dff3"                                                                     ;
+------+--------+----------+-------------------------------------------------------------------------------------+
; Port ; Type   ; Severity ; Details                                                                             ;
+------+--------+----------+-------------------------------------------------------------------------------------+
; q    ; Output ; Info     ; Connected to dangling logic. Logic that only feeds a dangling port will be removed. ;
+------+--------+----------+-------------------------------------------------------------------------------------+


+----------------------------------------------------------------------------------------------------------------+
; Port Connectivity Checks: "dflipflop:dff2"                                                                     ;
+------+--------+----------+-------------------------------------------------------------------------------------+
; Port ; Type   ; Severity ; Details                                                                             ;
+------+--------+----------+-------------------------------------------------------------------------------------+
; q    ; Output ; Info     ; Connected to dangling logic. Logic that only feeds a dangling port will be removed. ;
+------+--------+----------+-------------------------------------------------------------------------------------+


+----------------------------------------------------------------------------------------------------------------+
; Port Connectivity Checks: "dflipflop:dff1"                                                                     ;
+------+--------+----------+-------------------------------------------------------------------------------------+
; Port ; Type   ; Severity ; Details                                                                             ;
+------+--------+----------+-------------------------------------------------------------------------------------+
; q    ; Output ; Info     ; Connected to dangling logic. Logic that only feeds a dangling port will be removed. ;
+------+--------+----------+-------------------------------------------------------------------------------------+


+----------------------------------------------------------------------------------------------------------------+
; Port Connectivity Checks: "dflipflop:dff0"                                                                     ;
+------+--------+----------+-------------------------------------------------------------------------------------+
; Port ; Type   ; Severity ; Details                                                                             ;
+------+--------+----------+-------------------------------------------------------------------------------------+
; q    ; Output ; Info     ; Connected to dangling logic. Logic that only feeds a dangling port will be removed. ;
+------+--------+----------+-------------------------------------------------------------------------------------+


+-----------------------------------------------------+
; Post-Synthesis Netlist Statistics for Top Partition ;
+-----------------------+-----------------------------+
; Type                  ; Count                       ;
+-----------------------+-----------------------------+
; arriav_ff             ; 62                          ;
;     CLR               ; 62                          ;
; arriav_lcell_comb     ; 86                          ;
;     normal            ; 86                          ;
;         1 data inputs ; 44                          ;
;         4 data inputs ; 42                          ;
; boundary_port         ; 58                          ;
;                       ;                             ;
; Max LUT depth         ; 2.00                        ;
; Average LUT depth     ; 1.23                        ;
+-----------------------+-----------------------------+


+-------------------------------+
; Elapsed Time Per Partition    ;
+----------------+--------------+
; Partition Name ; Elapsed Time ;
+----------------+--------------+
; Top            ; 00:00:02     ;
+----------------+--------------+


+-------------------------------+
; Analysis & Synthesis Messages ;
+-------------------------------+
Info: *******************************************************************
Info: Running Quartus Prime Analysis & Synthesis
    Info: Version 15.1.0 Build 185 10/21/2015 SJ Lite Edition
    Info: Processing started: Thu Feb 25 15:18:06 2016
Info: Command: quartus_map --read_settings_files=on --write_settings_files=off top -c top
Info (20030): Parallel compilation is enabled and will use 2 of the 2 processors detected
Info (12021): Found 2 design units, including 1 entities, in source file top.vhd
    Info (12022): Found design unit 1: top-top_arch File: C:/Users/Garrett/Google Drive/School/EELE/EELE367/LABS/Lab9a_Ripple_Counter_and_Character_Displays/top.vhd Line: 17
    Info (12023): Found entity 1: top File: C:/Users/Garrett/Google Drive/School/EELE/EELE367/LABS/Lab9a_Ripple_Counter_and_Character_Displays/top.vhd Line: 4
Info (12021): Found 2 design units, including 1 entities, in source file output_files/char_decoder.vhd
    Info (12022): Found design unit 1: char_decoder-char_decoder_arch File: C:/Users/Garrett/Google Drive/School/EELE/EELE367/LABS/Lab9a_Ripple_Counter_and_Character_Displays/output_files/char_decoder.vhd Line: 10
    Info (12023): Found entity 1: char_decoder File: C:/Users/Garrett/Google Drive/School/EELE/EELE367/LABS/Lab9a_Ripple_Counter_and_Character_Displays/output_files/char_decoder.vhd Line: 4
Info (12021): Found 2 design units, including 1 entities, in source file output_files/dflipflop.vhd
    Info (12022): Found design unit 1: dflipflop-dflipflop_arch File: C:/Users/Garrett/Google Drive/School/EELE/EELE367/LABS/Lab9a_Ripple_Counter_and_Character_Displays/output_files/dflipflop.vhd Line: 12
    Info (12023): Found entity 1: dflipflop File: C:/Users/Garrett/Google Drive/School/EELE/EELE367/LABS/Lab9a_Ripple_Counter_and_Character_Displays/output_files/dflipflop.vhd Line: 4
Info (12127): Elaborating entity "top" for the top level hierarchy
Info (12128): Elaborating entity "dflipflop" for hierarchy "dflipflop:dff0" File: C:/Users/Garrett/Google Drive/School/EELE/EELE367/LABS/Lab9a_Ripple_Counter_and_Character_Displays/top.vhd Line: 45
Info (12128): Elaborating entity "char_decoder" for hierarchy "char_decoder:c0" File: C:/Users/Garrett/Google Drive/School/EELE/EELE367/LABS/Lab9a_Ripple_Counter_and_Character_Displays/top.vhd Line: 86
Info (286030): Timing-Driven Synthesis is running
Info (16010): Generating hard_block partition "hard_block:auto_generated_inst"
    Info (16011): Adding 0 node(s), including 0 DDIO, 0 PLL, 0 transceiver and 0 LCELL
Warning (21074): Design contains 4 input pin(s) that do not drive logic
    Warning (15610): No output dependent on input pin "SW[0]" File: C:/Users/Garrett/Google Drive/School/EELE/EELE367/LABS/Lab9a_Ripple_Counter_and_Character_Displays/top.vhd Line: 7
    Warning (15610): No output dependent on input pin "SW[1]" File: C:/Users/Garrett/Google Drive/School/EELE/EELE367/LABS/Lab9a_Ripple_Counter_and_Character_Displays/top.vhd Line: 7
    Warning (15610): No output dependent on input pin "SW[2]" File: C:/Users/Garrett/Google Drive/School/EELE/EELE367/LABS/Lab9a_Ripple_Counter_and_Character_Displays/top.vhd Line: 7
    Warning (15610): No output dependent on input pin "SW[3]" File: C:/Users/Garrett/Google Drive/School/EELE/EELE367/LABS/Lab9a_Ripple_Counter_and_Character_Displays/top.vhd Line: 7
Info (21057): Implemented 162 device resources after synthesis - the final resource count might be different
    Info (21058): Implemented 6 input pins
    Info (21059): Implemented 52 output pins
    Info (21061): Implemented 104 logic cells
Info: Quartus Prime Analysis & Synthesis was successful. 0 errors, 5 warnings
    Info: Peak virtual memory: 912 megabytes
    Info: Processing ended: Thu Feb 25 15:18:40 2016
    Info: Elapsed time: 00:00:34
    Info: Total CPU time (on all processors): 00:00:57


